<?xml version="1.0" encoding="UTF-8"?>
<testsuite name="Actividad0133Test" tests="1" skipped="0" failures="0" errors="0" timestamp="2020-06-02T06:37:02" hostname="IvánGP" time="0.027">
  <properties/>
  <testcase name="test1" classname="Actividad0133Test" time="0.027"/>
  <system-out><![CDATA[
--------------------
Propietario: Nombre: Enrique Iglesias
DNI: 71456456H

Matricula: DFT444
Eslora: 23.5
Ano de fabricacion: 1996
Numero mastiles: 4

Numero de dias: 10
--------------------

--------------------
Propietario: Nombre: Juan Magan
DNI: 76233233K

Matricula: HJJ987
Eslora: 45.2
Ano de fabricacion: 2002
Potencia: 1200

Numero de dias: 5
--------------------

--------------------
Propietario: Nombre: Romeo Santos
DNI: 72544544L

Matricula: KIO123
Eslora: 70.0
Ano de fabricacion: 2010
Potencia: 1500
Camarotes: 15

Numero de dias: 2
--------------------


--------------------
Propietario: Nombre: Enrique Iglesias
DNI: 71456456H

Matricula: DFT444
Eslora: 23.5
Ano de fabricacion: 1996
Numero mastiles: 4

Numero de dias: 10
--------------------

--------------------
Propietario: Nombre: Juan Magan
DNI: 76233233K

Matricula: HJJ987
Eslora: 45.2
Ano de fabricacion: 2002
Potencia: 1200

Numero de dias: 5
--------------------

--------------------
Propietario: Nombre: Romeo Santos
DNI: 72544544L

Matricula: KIO123
Eslora: 70.0
Ano de fabricacion: 2010
Potencia: 1500
Camarotes: 15

Numero de dias: 2
--------------------

--------------------
Propietario: Nombre: Jennifer Lopez
DNI: 9865865T

Matricula: LLL890
Eslora: 12.8
Ano de fabricacion: 1997
Numero mastiles: 5

Numero de dias: 10
--------------------


--------------------
Propietario: Nombre: Enrique Iglesias
DNI: 71456456H

Matricula: DFT444
Eslora: 23.5
Ano de fabricacion: 1996
Numero mastiles: 4

Numero de dias: 10
--------------------

--------------------
Propietario: Nombre: Juan Magan
DNI: 76233233K

Matricula: HJJ987
Eslora: 45.2
Ano de fabricacion: 2002
Potencia: 1200

Numero de dias: 5
--------------------

--------------------
Propietario: Nombre: Romeo Santos
DNI: 72544544L

Matricula: KIO123
Eslora: 70.0
Ano de fabricacion: 2010
Potencia: 1500
Camarotes: 15

Numero de dias: 2
--------------------

--------------------
Propietario: Nombre: Jennifer Lopez
DNI: 9865865T

Matricula: LLL890
Eslora: 12.8
Ano de fabricacion: 1997
Numero mastiles: 5

Numero de dias: 10
--------------------


--------------------
Propietario: Nombre: Marc Anthony
DNI: 9666777C

Matricula: HOL332
Eslora: 45.5
Ano de fabricacion: 2001
Potencia: 200
Camarotes: 21

Numero de dias: 3
--------------------

--------------------
Propietario: Nombre: Romeo Santos
DNI: 72544544L

Matricula: KIO123
Eslora: 70.0
Ano de fabricacion: 2010
Potencia: 1500
Camarotes: 15

Numero de dias: 2
--------------------

--------------------
Propietario: Nombre: Jennifer Lopez
DNI: 9865865T

Matricula: LLL890
Eslora: 12.8
Ano de fabricacion: 1997
Numero mastiles: 5

Numero de dias: 10
--------------------


]]></system-out>
  <system-err><![CDATA[]]></system-err>
</testsuite>
